TN:
SF:src/DePINNetwork.sol
DA:49,20
FN:49,DePINNetwork.registerNode
FNDA:20,DePINNetwork.registerNode
DA:50,20
BRDA:50,0,0,1
BRDA:50,0,1,19
DA:51,19
BRDA:51,1,0,1
BRDA:51,1,1,18
DA:53,18
DA:61,18
DA:63,18
DA:69,3
FN:69,DePINNetwork.deactivateNode
FNDA:3,DePINNetwork.deactivateNode
DA:70,3
BRDA:70,2,0,1
BRDA:70,2,1,2
DA:71,2
DA:72,2
DA:79,12
FN:79,DePINNetwork.addTask
FNDA:12,DePINNetwork.addTask
DA:80,11
BRDA:80,3,0,1
BRDA:80,3,1,10
DA:82,10
DA:84,10
DA:94,10
DA:96,10
DA:103,12
FN:103,DePINNetwork.assignTask
FNDA:12,DePINNetwork.assignTask
DA:104,12
BRDA:104,4,0,1
BRDA:104,4,1,11
DA:105,11
BRDA:105,5,0,1
BRDA:105,5,1,10
DA:106,10
BRDA:106,6,0,1
BRDA:106,6,1,9
DA:107,9
BRDA:107,7,0,1
BRDA:107,7,1,8
DA:109,8
DA:111,8
DA:119,8
FN:119,DePINNetwork.completeTask
FNDA:8,DePINNetwork.completeTask
DA:120,8
BRDA:120,8,0,1
BRDA:120,8,1,7
DA:121,7
BRDA:121,9,0,1
BRDA:121,9,1,6
DA:122,6
BRDA:122,10,0,1
BRDA:122,10,1,5
DA:123,5
BRDA:123,11,0,1
BRDA:123,11,1,4
DA:124,4
BRDA:124,12,0,1
BRDA:124,12,1,3
DA:126,3
DA:127,3
DA:128,3
DA:129,3
DA:131,3
DA:138,4
FN:138,DePINNetwork.getTaskResult
FNDA:4,DePINNetwork.getTaskResult
DA:150,4
BRDA:150,13,0,1
BRDA:150,13,1,3
DA:151,3
DA:152,3
DA:159,2
FN:159,DePINNetwork.isNodeActive
FNDA:2,DePINNetwork.isNodeActive
DA:160,2
DA:167,2
FN:167,DePINNetwork.getNodeInfo
FNDA:2,DePINNetwork.getNodeInfo
DA:172,2
DA:173,2
DA:179,1
FN:179,DePINNetwork.getRegisteredNodes
FNDA:1,DePINNetwork.getRegisteredNodes
DA:180,1
DA:186,1
FN:186,DePINNetwork.getTaskCount
FNDA:1,DePINNetwork.getTaskCount
DA:187,1
FNF:10
FNH:10
LF:47
LH:47
BRF:28
BRH:28
end_of_record
TN:
SF:src/erc20mock.sol
DA:14,9
FN:14,ERC20Mock.constructor
FNDA:9,ERC20Mock.constructor
DA:23,9
DA:24,9
DA:25,9
DA:28,5
FN:28,ERC20Mock.mint
FNDA:5,ERC20Mock.mint
DA:29,5
DA:32,2
FN:32,ERC20Mock.mintTo
FNDA:2,ERC20Mock.mintTo
DA:33,1
DA:36,1
FN:36,ERC20Mock.decimals
FNDA:1,ERC20Mock.decimals
DA:37,1
DA:40,5
FN:40,ERC20Mock.setOpenForTrade
FNDA:5,ERC20Mock.setOpenForTrade
DA:41,5
DA:44,2
FN:44,ERC20Mock.transferFrom
FNDA:2,ERC20Mock.transferFrom
DA:45,2
BRDA:45,0,0,1
DA:46,1
DA:48,1
DA:51,2
FN:51,ERC20Mock.transfer
FNDA:2,ERC20Mock.transfer
DA:52,2
BRDA:52,1,0,1
DA:53,1
DA:55,1
FNF:7
FNH:7
LF:20
LH:20
BRF:2
BRH:2
end_of_record
