TN:
SF:src/erc20mock.sol
DA:14,9
FN:14,ERC20Mock.constructor
FNDA:9,ERC20Mock.constructor
DA:23,9
DA:24,9
DA:25,9
DA:28,5
FN:28,ERC20Mock.mint
FNDA:5,ERC20Mock.mint
DA:29,5
DA:32,2
FN:32,ERC20Mock.mintTo
FNDA:2,ERC20Mock.mintTo
DA:33,1
DA:36,1
FN:36,ERC20Mock.decimals
FNDA:1,ERC20Mock.decimals
DA:37,1
DA:40,5
FN:40,ERC20Mock.setOpenForTrade
FNDA:5,ERC20Mock.setOpenForTrade
DA:41,5
DA:44,2
FN:44,ERC20Mock.transferFrom
FNDA:2,ERC20Mock.transferFrom
DA:45,2
BRDA:45,0,0,1
DA:46,1
DA:48,1
DA:51,2
FN:51,ERC20Mock.transfer
FNDA:2,ERC20Mock.transfer
DA:52,2
BRDA:52,1,0,1
DA:53,1
DA:55,1
FNF:7
FNH:7
LF:20
LH:20
BRF:2
BRH:2
end_of_record
